<?xml version="1.0" encoding="UTF-8"?>
<testsuite xmlns:xsi="http://www.w3.org/2001/XMLSchema-instance" xsi:noNamespaceSchemaLocation="https://maven.apache.org/surefire/maven-surefire-plugin/xsd/surefire-test-report.xsd" name="com.excilys.formation.cdb.mapper.MapperComputerTest" time="0.018" tests="24" errors="0" skipped="0" failures="0">
  <properties>
    <property name="sun.desktop" value="gnome"/>
    <property name="awt.toolkit" value="sun.awt.X11.XToolkit"/>
    <property name="file.encoding.pkg" value="sun.io"/>
    <property name="java.specification.version" value="1.8"/>
    <property name="sun.cpu.isalist" value=""/>
    <property name="sun.jnu.encoding" value="UTF-8"/>
    <property name="java.class.path" value="/home/kylian/Documents/workspace/computer-database-master/target/test-classes:/home/kylian/Documents/workspace/computer-database-master/target/classes:/home/kylian/.m2/repository/junit/junit/4.11/junit-4.11.jar:/home/kylian/.m2/repository/org/hamcrest/hamcrest-core/1.3/hamcrest-core-1.3.jar:/home/kylian/.m2/repository/org/slf4j/slf4j-api/1.7.30/slf4j-api-1.7.30.jar:/home/kylian/.m2/repository/org/apache/logging/log4j/log4j-slf4j-impl/2.13.3/log4j-slf4j-impl-2.13.3.jar:/home/kylian/.m2/repository/org/apache/logging/log4j/log4j-api/2.13.3/log4j-api-2.13.3.jar:/home/kylian/.m2/repository/org/apache/logging/log4j/log4j-core/2.13.3/log4j-core-2.13.3.jar:/home/kylian/.m2/repository/mysql/mysql-connector-java/8.0.20/mysql-connector-java-8.0.20.jar:/home/kylian/.m2/repository/javax/servlet/servlet-api/2.5/servlet-api-2.5.jar:/home/kylian/.m2/repository/javax/servlet/jstl/1.2/jstl-1.2.jar:"/>
    <property name="java.vm.vendor" value="Private Build"/>
    <property name="sun.arch.data.model" value="64"/>
    <property name="java.vendor.url" value="http://java.oracle.com/"/>
    <property name="user.timezone" value=""/>
    <property name="java.vm.specification.version" value="1.8"/>
    <property name="os.name" value="Linux"/>
    <property name="user.country" value="US"/>
    <property name="sun.java.launcher" value="SUN_STANDARD"/>
    <property name="sun.boot.library.path" value="/usr/lib/jvm/java-8-openjdk-amd64/jre/lib/amd64"/>
    <property name="sun.java.command" value="/home/kylian/Documents/workspace/computer-database-master/target/surefire/surefirebooter4500437061816828893.jar /home/kylian/Documents/workspace/computer-database-master/target/surefire 2020-06-25T09-36-06_315-jvmRun1 surefire787653794672797307tmp surefire_05107115564664523169tmp"/>
    <property name="surefire.test.class.path" value="/home/kylian/Documents/workspace/computer-database-master/target/test-classes:/home/kylian/Documents/workspace/computer-database-master/target/classes:/home/kylian/.m2/repository/junit/junit/4.11/junit-4.11.jar:/home/kylian/.m2/repository/org/hamcrest/hamcrest-core/1.3/hamcrest-core-1.3.jar:/home/kylian/.m2/repository/org/slf4j/slf4j-api/1.7.30/slf4j-api-1.7.30.jar:/home/kylian/.m2/repository/org/apache/logging/log4j/log4j-slf4j-impl/2.13.3/log4j-slf4j-impl-2.13.3.jar:/home/kylian/.m2/repository/org/apache/logging/log4j/log4j-api/2.13.3/log4j-api-2.13.3.jar:/home/kylian/.m2/repository/org/apache/logging/log4j/log4j-core/2.13.3/log4j-core-2.13.3.jar:/home/kylian/.m2/repository/mysql/mysql-connector-java/8.0.20/mysql-connector-java-8.0.20.jar:/home/kylian/.m2/repository/javax/servlet/servlet-api/2.5/servlet-api-2.5.jar:/home/kylian/.m2/repository/javax/servlet/jstl/1.2/jstl-1.2.jar:"/>
    <property name="sun.cpu.endian" value="little"/>
    <property name="user.home" value="/home/kylian"/>
    <property name="user.language" value="en"/>
    <property name="java.specification.vendor" value="Oracle Corporation"/>
    <property name="java.home" value="/usr/lib/jvm/java-8-openjdk-amd64/jre"/>
    <property name="basedir" value="/home/kylian/Documents/workspace/computer-database-master"/>
    <property name="file.separator" value="/"/>
    <property name="line.separator" value="&#10;"/>
    <property name="java.vm.specification.vendor" value="Oracle Corporation"/>
    <property name="java.specification.name" value="Java Platform API Specification"/>
    <property name="java.awt.graphicsenv" value="sun.awt.X11GraphicsEnvironment"/>
    <property name="surefire.real.class.path" value="/home/kylian/Documents/workspace/computer-database-master/target/surefire/surefirebooter4500437061816828893.jar"/>
    <property name="sun.boot.class.path" value="/usr/lib/jvm/java-8-openjdk-amd64/jre/lib/resources.jar:/usr/lib/jvm/java-8-openjdk-amd64/jre/lib/rt.jar:/usr/lib/jvm/java-8-openjdk-amd64/jre/lib/sunrsasign.jar:/usr/lib/jvm/java-8-openjdk-amd64/jre/lib/jsse.jar:/usr/lib/jvm/java-8-openjdk-amd64/jre/lib/jce.jar:/usr/lib/jvm/java-8-openjdk-amd64/jre/lib/charsets.jar:/usr/lib/jvm/java-8-openjdk-amd64/jre/lib/jfr.jar:/usr/lib/jvm/java-8-openjdk-amd64/jre/classes"/>
    <property name="sun.management.compiler" value="HotSpot 64-Bit Tiered Compilers"/>
    <property name="java.runtime.version" value="1.8.0_252-8u252-b09-1ubuntu1-b09"/>
    <property name="user.name" value="kylian"/>
    <property name="path.separator" value=":"/>
    <property name="os.version" value="5.4.0-37-generic"/>
    <property name="java.endorsed.dirs" value="/usr/lib/jvm/java-8-openjdk-amd64/jre/lib/endorsed"/>
    <property name="java.runtime.name" value="OpenJDK Runtime Environment"/>
    <property name="file.encoding" value="UTF-8"/>
    <property name="java.vm.name" value="OpenJDK 64-Bit Server VM"/>
    <property name="localRepository" value="/home/kylian/.m2/repository"/>
    <property name="java.vendor.url.bug" value="http://bugreport.sun.com/bugreport/"/>
    <property name="java.io.tmpdir" value="/tmp"/>
    <property name="java.version" value="1.8.0_252"/>
    <property name="user.dir" value="/home/kylian/Documents/workspace/computer-database-master"/>
    <property name="os.arch" value="amd64"/>
    <property name="java.vm.specification.name" value="Java Virtual Machine Specification"/>
    <property name="java.awt.printerjob" value="sun.print.PSPrinterJob"/>
    <property name="sun.os.patch.level" value="unknown"/>
    <property name="java.library.path" value="/usr/java/packages/lib/amd64:/usr/lib/x86_64-linux-gnu/jni:/lib/x86_64-linux-gnu:/usr/lib/x86_64-linux-gnu:/usr/lib/jni:/lib:/usr/lib"/>
    <property name="java.vm.info" value="mixed mode"/>
    <property name="java.vendor" value="Private Build"/>
    <property name="java.vm.version" value="25.252-b09"/>
    <property name="java.ext.dirs" value="/usr/lib/jvm/java-8-openjdk-amd64/jre/lib/ext:/usr/java/packages/lib/ext"/>
    <property name="sun.io.unicode.encoding" value="UnicodeLittle"/>
    <property name="java.class.version" value="52.0"/>
  </properties>
  <testcase name="testTableauStringToLocalDateNull" classname="com.excilys.formation.cdb.mapper.MapperComputerTest" time="0.002"/>
  <testcase name="testTableauStringToLocalDateTrop" classname="com.excilys.formation.cdb.mapper.MapperComputerTest" time="0.003"/>
  <testcase name="testTableauStringToLocalDateTrue" classname="com.excilys.formation.cdb.mapper.MapperComputerTest" time="0"/>
  <testcase name="testStringToComputerAvecIdNull" classname="com.excilys.formation.cdb.mapper.MapperComputerTest" time="0.001"/>
  <testcase name="testStringToComputerAvecIdTrue" classname="com.excilys.formation.cdb.mapper.MapperComputerTest" time="0.001"/>
  <testcase name="testTableauStringToLocalDateLimite" classname="com.excilys.formation.cdb.mapper.MapperComputerTest" time="0.001"/>
  <testcase name="testStringToComputerNull" classname="com.excilys.formation.cdb.mapper.MapperComputerTest" time="0.001"/>
  <testcase name="testStringToComputer" classname="com.excilys.formation.cdb.mapper.MapperComputerTest" time="0.002"/>
  <testcase name="testStringToComputerAvecIdLimite" classname="com.excilys.formation.cdb.mapper.MapperComputerTest" time="0"/>
  <testcase name="testChangerDateStringToIntNull" classname="com.excilys.formation.cdb.mapper.MapperComputerTest" time="0"/>
  <testcase name="testChangerDateStringToIntTrop" classname="com.excilys.formation.cdb.mapper.MapperComputerTest" time="0.001"/>
  <testcase name="testChangerDateStringToIntTrue" classname="com.excilys.formation.cdb.mapper.MapperComputerTest" time="0"/>
  <testcase name="testTableauStringToLocalDateLettres" classname="com.excilys.formation.cdb.mapper.MapperComputerTest" time="0"/>
  <testcase name="testDateStringToLocalDateNull" classname="com.excilys.formation.cdb.mapper.MapperComputerTest" time="0.001"/>
  <testcase name="testDateStringToLocalDateTrop" classname="com.excilys.formation.cdb.mapper.MapperComputerTest" time="0.002"/>
  <testcase name="testDateStringToLocalDateTrue" classname="com.excilys.formation.cdb.mapper.MapperComputerTest" time="0"/>
  <testcase name="testDoublerAntislashNull" classname="com.excilys.formation.cdb.mapper.MapperComputerTest" time="0"/>
  <testcase name="testDoublerAntislashTrue" classname="com.excilys.formation.cdb.mapper.MapperComputerTest" time="0"/>
  <testcase name="testDoublerAntislashVide" classname="com.excilys.formation.cdb.mapper.MapperComputerTest" time="0"/>
  <testcase name="testDateStringToLocalDateLimite" classname="com.excilys.formation.cdb.mapper.MapperComputerTest" time="0"/>
  <testcase name="testDataToComputerTrue" classname="com.excilys.formation.cdb.mapper.MapperComputerTest" time="0"/>
  <testcase name="testDateStringToLocalDateLettres" classname="com.excilys.formation.cdb.mapper.MapperComputerTest" time="0"/>
  <testcase name="testStringToComputerLimite" classname="com.excilys.formation.cdb.mapper.MapperComputerTest" time="0.001"/>
  <testcase name="testChangerDateStringToIntLettres" classname="com.excilys.formation.cdb.mapper.MapperComputerTest" time="0"/>
</testsuite>